2021-01-05 21:23:06.477 INFO [           main] [c.h.d.a.DiscordApiApplicationKt] logStarting (55): Starting DiscordApiApplicationKt on Jeongbinui-MacBookPro.local with PID 4215 (/Users/luke/workspace/Hana-Discord/discord-api/build/classes/kotlin/main started by luke in /Users/luke/workspace/Hana-Discord)
2021-01-05 21:23:06.479 INFO [           main] [c.h.d.a.DiscordApiApplicationKt] logStartupProfileInfo (655): The following profiles are active: production
2021-01-05 21:23:06.916 INFO [           main] [o.s.d.r.c.RepositoryConfigurationDelegate] registerRepositoriesIn (127): Bootstrapping Spring Data JPA repositories in DEFAULT mode.
2021-01-05 21:23:06.977 INFO [           main] [o.s.d.r.c.RepositoryConfigurationDelegate] registerRepositoriesIn (187): Finished Spring Data repository scanning in 50ms. Found 2 JPA repository interfaces.
2021-01-05 21:23:07.553 INFO [           main] [o.s.b.w.e.t.TomcatWebServer] initialize (108): Tomcat initialized with port(s): 5000 (http)
2021-01-05 21:23:07.560 INFO [           main] [o.a.c.h.Http11NioProtocol] log (173): Initializing ProtocolHandler ["http-nio-5000"]
2021-01-05 21:23:07.561 INFO [           main] [o.a.c.c.StandardService] log (173): Starting service [Tomcat]
2021-01-05 21:23:07.561 INFO [           main] [o.a.c.c.StandardEngine] log (173): Starting Servlet engine: [Apache Tomcat/9.0.38]
2021-01-05 21:23:07.700 INFO [           main] [o.a.c.c.C.[.[.[/]] log (173): Initializing Spring embedded WebApplicationContext
2021-01-05 21:23:07.700 INFO [           main] [o.s.b.w.s.c.ServletWebServerApplicationContext] prepareWebApplicationContext (285): Root WebApplicationContext: initialization completed in 1173 ms
2021-01-05 21:23:07.794 INFO [           main] [c.z.h.HikariDataSource] <init> (80): hanaPool - Starting...
2021-01-05 21:23:08.054 INFO [           main] [c.z.h.HikariDataSource] <init> (82): hanaPool - Start completed.
2021-01-05 21:23:08.178 INFO [           main] [o.h.j.i.u.LogHelper] logPersistenceUnitInformation (31): HHH000204: Processing PersistenceUnitInfo [name: hanaPersistenceUnit]
2021-01-05 21:23:08.227 INFO [           main] [o.h.Version] logVersion (44): HHH000412: Hibernate ORM core version 5.4.21.Final
2021-01-05 21:23:08.353 INFO [           main] [o.h.a.c.Version] <clinit> (49): HCANN000001: Hibernate Commons Annotations {5.1.0.Final}
2021-01-05 21:23:08.483 INFO [           main] [o.h.d.Dialect] <init> (170): HHH000400: Using dialect: org.hibernate.dialect.MySQL5InnoDBDialect
2021-01-05 21:23:08.914 INFO [           main] [o.h.e.t.j.p.i.JtaPlatformInitiator] initiateService (52): HHH000490: Using JtaPlatform implementation: [org.hibernate.engine.transaction.jta.platform.internal.NoJtaPlatform]
2021-01-05 21:23:08.922 INFO [           main] [o.s.o.j.LocalContainerEntityManagerFactoryBean] buildNativeEntityManagerFactory (416): Initialized JPA EntityManagerFactory for persistence unit 'hanaPersistenceUnit'
2021-01-05 21:23:09.599 INFO [           main] [d.c.DiscordClientBuilder] info (274): Discord4J 3.1.1 (https://discord4j.com)
2021-01-05 21:23:12.185 INFO [ctor-http-nio-2] [d.g.DefaultGatewayClient] info (269): [G:73274404, S:0] Connected to Gateway
2021-01-05 21:23:12.187 INFO [ctor-http-nio-2] [d.c.s.LocalShardCoordinator] info (269): [G:73274404, S:0] Shard connected
2021-01-05 21:23:12.194 INFO [           main] [c.h.d.a.s.DiscordBotService] accept (42): Logging in as Hana Bot 5692
2021-01-05 21:23:12.377 INFO [           main] [o.s.s.c.ThreadPoolTaskExecutor] initialize (181): Initializing ExecutorService 'applicationTaskExecutor'
2021-01-05 21:23:12.540 INFO [           main] [o.s.s.c.ThreadPoolTaskScheduler] initialize (181): Initializing ExecutorService 'taskScheduler'
2021-01-05 21:23:12.564 INFO [           main] [o.a.c.h.Http11NioProtocol] log (173): Starting ProtocolHandler ["http-nio-5000"]
2021-01-05 21:23:12.589 INFO [           main] [o.s.b.w.e.t.TomcatWebServer] start (220): Tomcat started on port(s): 5000 (http) with context path ''
2021-01-05 21:23:12.604 INFO [           main] [c.h.d.a.DiscordApiApplicationKt] logStarted (61): Started DiscordApiApplicationKt in 6.589 seconds (JVM running for 7.389)
2021-01-05 21:23:12.608 INFO [           main] [c.h.d.a.DiscordApiApplication] onApplicationEvent (38): discord-api applicationReady, profiles = [production]
2021-01-05 21:23:18.899 INFO [extShutdownHook] [o.s.s.c.ThreadPoolTaskScheduler] shutdown (218): Shutting down ExecutorService 'taskScheduler'
2021-01-05 21:23:18.900 INFO [extShutdownHook] [o.s.s.c.ThreadPoolTaskExecutor] shutdown (218): Shutting down ExecutorService 'applicationTaskExecutor'
2021-01-05 21:23:18.901 INFO [extShutdownHook] [o.s.o.j.LocalContainerEntityManagerFactoryBean] destroy (598): Closing JPA EntityManagerFactory for persistence unit 'hanaPersistenceUnit'
2021-01-05 21:23:18.901 INFO [extShutdownHook] [c.z.h.HikariDataSource] close (350): hanaPool - Shutdown initiated...
2021-01-05 21:23:18.908 INFO [extShutdownHook] [c.z.h.HikariDataSource] close (352): hanaPool - Shutdown completed.
